app/build/intermediates/manifest_merge_blame_file/debug/manifest-merger-blame-debug-report.txt
1<?xml version="1.0" encoding="utf-8"?>
2<manifest xmlns:android="http://schemas.android.com/apk/res/android"
3    package="sobhani.puya.app.tci"
4    android:versionCode="1"
5    android:versionName="1.0" >
6
7    <uses-sdk
7-->src\main\AndroidManifest.xml:5:5-6:42
8        android:minSdkVersion="29"
8-->src\main\AndroidManifest.xml:5:15-40
9        android:targetSdkVersion="32" />
9-->src\main\AndroidManifest.xml:5:5-6:42
10
11    <application
11-->src\main\AndroidManifest.xml:7:5-23:19
12        android:debuggable="true"
12-->src\main\AndroidManifest.xml:9:9-34
13        android:extractNativeLibs="false"
14        android:icon="@drawable/icoon"
14-->src\main\AndroidManifest.xml:8:9-39
15        android:label="@string/app_name" >
15-->src\main\AndroidManifest.xml:7:18-50
16        <activity
16-->src\main\AndroidManifest.xml:11:9-13:53
17            android:name="sobhani.puya.app.tci.Activity_First"
17-->src\main\AndroidManifest.xml:12:13-63
18            android:screenOrientation="fullSensor"
18-->src\main\AndroidManifest.xml:13:13-51
19            android:theme="@android:style/Theme.Wallpaper.NoTitleBar" />
19-->src\main\AndroidManifest.xml:11:19-76
20        <activity
20-->src\main\AndroidManifest.xml:14:9-22:20
21            android:name="sobhani.puya.app.tci.FirstActivity"
21-->src\main\AndroidManifest.xml:15:13-62
22            android:exported="true"
22-->src\main\AndroidManifest.xml:17:13-36
23            android:screenOrientation="fullSensor"
23-->src\main\AndroidManifest.xml:16:13-51
24            android:theme="@android:style/Theme.Wallpaper.NoTitleBar" >
24-->src\main\AndroidManifest.xml:14:19-76
25            <intent-filter>
25-->src\main\AndroidManifest.xml:18:13-21:29
26                <action android:name="android.intent.action.MAIN" />
26-->src\main\AndroidManifest.xml:19:17-68
26-->src\main\AndroidManifest.xml:19:25-66
27
28                <category android:name="android.intent.category.LAUNCHER" />
28-->src\main\AndroidManifest.xml:20:17-76
28-->src\main\AndroidManifest.xml:20:27-74
29            </intent-filter>
30        </activity>
31    </application>
32
33</manifest>